[villaeno.my.canva.site/index.html]
[backblue.gif]
[fade.gif]
[index.html]
[villaeno.my.canva.site/26387fa4f5b1e3f7b6217b27d79bf264.png]
[villaeno.my.canva.site/2d0b56e7e51cf11036ad8734bdb67e2d.png]
[villaeno.my.canva.site/725b756a69a7d4c235070e51acd85560.png]
[villaeno.my.canva.site/e18f1a81815e0c5653f083a3b90d28cd.png]
[villaeno.my.canva.site/fonts/5e8564e438a0f035eaf200aea83dda40.woff2]
[villaeno.my.canva.site/fonts/bcc6a8815cbd3f89c50a4f62f4107864.woff2]
[villaeno.my.canva.site/fonts/99ddc70a8ffa326837e6983f9aed0872.woff2]
[villaeno.my.canva.site/fonts/f8f199f09526f79e87644ed227e0f651.woff2]
[villaeno.my.canva.site/fonts/98c4d2c0223fc8474641c77f923528e9.woff2]
[villaeno.my.canva.site/fonts/d257a7100844bc3f98c9021168b6249e.woff2]
[villaeno.my.canva.site/fonts/1060345c54d396e76d73f1da7ee200bd.woff2]
[villaeno.my.canva.site/images/1b2c57f0c85a1b8b6a518e5b58decad8.png]
[villaeno.my.canva.site/images/9e5c07585b604ee85298cc35a810d7ba.png]
[villaeno.my.canva.site/js/939898b427480d700449229ff00dbb8a6f9f77442b532f697866e6914ab8843a.js]
[villaeno.my.canva.site/index.html]
[villaeno.my.canva.site/js/6f2750c58da13032249649f4dd67a8a496dbe8b4f90c32c4c59ffda1320c48cf.js]
